{"uuid":"e306fa79-80de-40f8-ad82-cc50940ece32","historyId":"f0be06ccee7dae3260696984ef40ffe6","fullName":"tests.RegisterUserTests.beforeClass","labels":[{"name":"package","value":"tests.RegisterUserTests"},{"name":"testClass","value":"tests.RegisterUserTests"},{"name":"testMethod","value":"beforeClass"},{"name":"parentSuite","value":"Default Suite"},{"name":"suite","value":"SubscriptionTestFramework"},{"name":"subSuite","value":"tests.RegisterUserTests"},{"name":"host","value":"BasilCenter"},{"name":"thread","value":"1768@BasilCenter.main(1)"},{"name":"framework","value":"testng"},{"name":"language","value":"java"},{"name":"AS_ID","value":"-1"}],"links":[],"name":"beforeClass","status":"failed","statusDetails":{"known":false,"muted":false,"flaky":false,"message":"Failed to capture a screenshot Root cause: \"org.openqa.selenium.NoSuchSessionException: WebDriver session does not exist, or is not active\"","trace":"java.lang.AssertionError: Failed to capture a screenshot Root cause: \"org.openqa.selenium.NoSuchSessionException: WebDriver session does not exist, or is not active\"\r\n\tat org.testng.Assert.fail(Assert.java:99)\r\n\tat com.shaft.tools.io.internal.FailureReporter.fail(FailureReporter.java:33)\r\n\tat com.shaft.gui.internal.image.ScreenshotHelper.takeViewportScreenshot(ScreenshotHelper.java:133)\r\n\tat com.shaft.gui.internal.image.ScreenshotManager.takeViewportScreenshot(ScreenshotManager.java:122)\r\n\tat com.shaft.gui.internal.image.ScreenshotManager.takeScreenshot(ScreenshotManager.java:67)\r\n\tat com.shaft.gui.internal.image.ScreenshotManager.takeScreenshot(ScreenshotManager.java:63)\r\n\tat com.shaft.gui.internal.image.ScreenshotManager.takeAIHighlightedScreenshot(ScreenshotManager.java:202)\r\n\tat com.shaft.gui.internal.image.ScreenshotManager.internalCaptureScreenshot(ScreenshotManager.java:185)\r\n\tat com.shaft.gui.internal.image.ScreenshotManager.internalCaptureScreenShot(ScreenshotManager.java:174)\r\n\tat com.shaft.gui.internal.image.ScreenshotManager.takeScreenshot(ScreenshotManager.java:38)\r\n\tat com.shaft.gui.browser.internal.BrowserActionsHelper.reportActionResult(BrowserActionsHelper.java:110)\r\n\tat com.shaft.gui.browser.internal.BrowserActionsHelper.failAction(BrowserActionsHelper.java:69)\r\n\tat com.shaft.gui.browser.internal.BrowserActionsHelper.failAction(BrowserActionsHelper.java:64)\r\n\tat com.shaft.gui.browser.BrowserActions.navigateToURL(BrowserActions.java:313)\r\n\tat com.shaft.gui.browser.BrowserActions.navigateToURL(BrowserActions.java:226)\r\n\tat tests.RegisterUserTests.beforeClass(RegisterUserTests.java:27)\r\n\tat java.base/jdk.internal.reflect.DirectMethodHandleAccessor.invoke(DirectMethodHandleAccessor.java:103)\r\n\tat java.base/java.lang.reflect.Method.invoke(Method.java:580)\r\n\tat org.testng.internal.invokers.MethodInvocationHelper.invokeMethod(MethodInvocationHelper.java:141)\r\n\tat org.testng.internal.invokers.MethodInvocationHelper.invokeMethodConsideringTimeout(MethodInvocationHelper.java:71)\r\n\tat org.testng.internal.invokers.ConfigInvoker.invokeConfigurationMethod(ConfigInvoker.java:400)\r\n\tat org.testng.internal.invokers.ConfigInvoker.invokeConfigurations(ConfigInvoker.java:333)\r\n\tat org.testng.internal.invokers.TestMethodWorker.invokeBeforeClassMethods(TestMethodWorker.java:188)\r\n\tat org.testng.internal.invokers.TestMethodWorker.run(TestMethodWorker.java:128)\r\n\tat java.base/java.util.ArrayList.forEach(ArrayList.java:1596)\r\n\tat org.testng.TestRunner.privateRun(TestRunner.java:739)\r\n\tat org.testng.TestRunner.run(TestRunner.java:614)\r\n\tat org.testng.SuiteRunner.runTest(SuiteRunner.java:421)\r\n\tat org.testng.SuiteRunner.runSequentially(SuiteRunner.java:413)\r\n\tat org.testng.SuiteRunner.privateRun(SuiteRunner.java:373)\r\n\tat org.testng.SuiteRunner.run(SuiteRunner.java:312)\r\n\tat org.testng.SuiteRunnerWorker.runSuite(SuiteRunnerWorker.java:52)\r\n\tat org.testng.SuiteRunnerWorker.run(SuiteRunnerWorker.java:95)\r\n\tat org.testng.TestNG.runSuitesSequentially(TestNG.java:1274)\r\n\tat org.testng.TestNG.runSuitesLocally(TestNG.java:1208)\r\n\tat org.testng.TestNG.runSuites(TestNG.java:1112)\r\n\tat org.testng.TestNG.run(TestNG.java:1079)\r\n\tat com.intellij.rt.testng.IDEARemoteTestNG.run(IDEARemoteTestNG.java:65)\r\n\tat com.intellij.rt.testng.RemoteTestNGStarter.main(RemoteTestNGStarter.java:105)\r\nCaused by: org.openqa.selenium.NoSuchSessionException: WebDriver session does not exist, or is not active\nBuild info: version: '4.25.0', revision: '8a8aea2337'\nSystem info: os.name: 'Windows 10', os.arch: 'amd64', os.version: '10.0', java.version: '21.0.5'\nDriver info: org.openqa.selenium.firefox.FirefoxDriver\nCommand: [04188a21-f8c9-48ca-8cb9-7d5edec75d39, screenshot {}]\nCapabilities {acceptInsecureCerts: true, browserName: firefox, browserVersion: 133.0, moz:accessibilityChecks: false, moz:buildID: 20241121140525, moz:debuggerAddress: 127.0.0.1:6169, moz:geckodriverVersion: 0.35.0, moz:headless: false, moz:platformVersion: 10.0, moz:processID: 15020, moz:profile: C:\\Users\\ADMINI~1\\AppData\\L..., moz:shutdownTimeout: 60000, moz:webdriverClick: true, moz:windowless: false, pageLoadStrategy: normal, platformName: windows, proxy: Proxy(), se:cdp: ws://127.0.0.1:6169/devtool..., se:cdpVersion: 85.0, setWindowRect: true, strictFileInteractability: false, timeouts: {implicit: 0, pageLoad: 60000, script: 60000}, unhandledPromptBehavior: ignore, userAgent: Mozilla/5.0 (Windows NT 10...., webSocketUrl: ws://127.0.0.1:6169/session...}\nSession ID: 04188a21-f8c9-48ca-8cb9-7d5edec75d39\r\n\tat java.base/jdk.internal.reflect.DirectConstructorHandleAccessor.newInstance(DirectConstructorHandleAccessor.java:62)\r\n\tat java.base/java.lang.reflect.Constructor.newInstanceWithCaller(Constructor.java:502)\r\n\tat java.base/java.lang.reflect.Constructor.newInstance(Constructor.java:486)\r\n\tat org.openqa.selenium.remote.ErrorCodec.decode(ErrorCodec.java:167)\r\n\tat org.openqa.selenium.remote.codec.w3c.W3CHttpResponseCodec.decode(W3CHttpResponseCodec.java:138)\r\n\tat org.openqa.selenium.remote.codec.w3c.W3CHttpResponseCodec.decode(W3CHttpResponseCodec.java:50)\r\n\tat org.openqa.selenium.remote.HttpCommandExecutor.execute(HttpCommandExecutor.java:190)\r\n\tat org.openqa.selenium.remote.service.DriverCommandExecutor.invokeExecute(DriverCommandExecutor.java:216)\r\n\tat org.openqa.selenium.remote.service.DriverCommandExecutor.execute(DriverCommandExecutor.java:174)\r\n\tat org.openqa.selenium.remote.RemoteWebDriver.execute(RemoteWebDriver.java:545)\r\n\tat org.openqa.selenium.remote.RemoteWebDriver.execute(RemoteWebDriver.java:618)\r\n\tat org.openqa.selenium.remote.RemoteWebDriver.execute(RemoteWebDriver.java:622)\r\n\tat org.openqa.selenium.remote.RemoteWebDriver.getScreenshotAs(RemoteWebDriver.java:334)\r\n\tat com.shaft.gui.internal.image.ScreenshotHelper.takeViewportScreenshot(ScreenshotHelper.java:113)\r\n\t... 36 more\r\n"},"stage":"finished","steps":[],"attachments":[],"parameters":[],"start":1733686149915,"stop":1733686149925}